<?xml version="1.0" encoding="utf-8"?><testsuites name="pytest tests"><testsuite name="pytest" errors="0" failures="0" skipped="0" tests="8" time="0.968" timestamp="2026-04-21T02:06:05.250522+00:00" hostname="agent-env-290d85c0-dbda-4442-a81e-a857f028bb1d"><testcase classname="backend.tests.backend_test.TestRoot" name="test_root_welcome" time="0.245" /><testcase classname="backend.tests.backend_test.TestShopStatus" name="test_shop_status_shape" time="0.050" /><testcase classname="backend.tests.backend_test.TestContact" name="test_create_contact_valid" time="0.134" /><testcase classname="backend.tests.backend_test.TestContact" name="test_create_contact_minimal_required" time="0.050" /><testcase classname="backend.tests.backend_test.TestContact" name="test_create_contact_missing_required" time="0.046" /><testcase classname="backend.tests.backend_test.TestContact" name="test_create_contact_invalid_email" time="0.052" /><testcase classname="backend.tests.backend_test.TestContact" name="test_create_contact_short_phone" time="0.054" /><testcase classname="backend.tests.backend_test.TestContact" name="test_list_contacts_sorted_desc" time="0.191" /></testsuite></testsuites>